This is pdfTeX, Version 3.14159265-2.6-1.40.18 (TeX Live 2017/W32TeX) (preloaded format=pdflatex 2018.3.6)  23 AUG 2019 14:11
entering extended mode
 restricted \write18 enabled.
 %&-line parsing enabled.
**./conference_041818.tex
(./conference_041818.tex
LaTeX2e <2017-04-15>
Babel <3.18> and hyphenation patterns for 84 language(s) loaded.
(./IEEEtran.cls
Document Class: IEEEtran 2015/08/26 V1.8b by Michael Shell
-- See the "IEEEtran_HOWTO" manual for usage information.
-- http://www.michaelshell.org/tex/ieeetran/
\@IEEEtrantmpdimenA=\dimen102
\@IEEEtrantmpdimenB=\dimen103
\@IEEEtrantmpdimenC=\dimen104
\@IEEEtrantmpcountA=\count79
\@IEEEtrantmpcountB=\count80
\@IEEEtrantmpcountC=\count81
\@IEEEtrantmptoksA=\toks14
LaTeX Font Info:    Try loading font information for OT1+ptm on input line 503.

(d:/tex/texmf-dist/tex/latex/psnfss/ot1ptm.fd
File: ot1ptm.fd 2001/06/04 font definitions for OT1/ptm.
)
-- Using 8.5in x 11in (letter) paper.
-- Using PDF output.
\@IEEEnormalsizeunitybaselineskip=\dimen105
-- This is a 10 point document.
\CLASSINFOnormalsizebaselineskip=\dimen106
\CLASSINFOnormalsizeunitybaselineskip=\dimen107
\IEEEnormaljot=\dimen108
LaTeX Font Info:    Font shape `OT1/ptm/bx/n' in size <5> not available
(Font)              Font shape `OT1/ptm/b/n' tried instead on input line 1090.
LaTeX Font Info:    Font shape `OT1/ptm/bx/it' in size <5> not available
(Font)              Font shape `OT1/ptm/b/it' tried instead on input line 1090.

LaTeX Font Info:    Font shape `OT1/ptm/bx/n' in size <7> not available
(Font)              Font shape `OT1/ptm/b/n' tried instead on input line 1090.
LaTeX Font Info:    Font shape `OT1/ptm/bx/it' in size <7> not available
(Font)              Font shape `OT1/ptm/b/it' tried instead on input line 1090.

LaTeX Font Info:    Font shape `OT1/ptm/bx/n' in size <8> not available
(Font)              Font shape `OT1/ptm/b/n' tried instead on input line 1090.
LaTeX Font Info:    Font shape `OT1/ptm/bx/it' in size <8> not available
(Font)              Font shape `OT1/ptm/b/it' tried instead on input line 1090.

LaTeX Font Info:    Font shape `OT1/ptm/bx/n' in size <9> not available
(Font)              Font shape `OT1/ptm/b/n' tried instead on input line 1090.
LaTeX Font Info:    Font shape `OT1/ptm/bx/it' in size <9> not available
(Font)              Font shape `OT1/ptm/b/it' tried instead on input line 1090.

LaTeX Font Info:    Font shape `OT1/ptm/bx/n' in size <10> not available
(Font)              Font shape `OT1/ptm/b/n' tried instead on input line 1090.
LaTeX Font Info:    Font shape `OT1/ptm/bx/it' in size <10> not available
(Font)              Font shape `OT1/ptm/b/it' tried instead on input line 1090.

LaTeX Font Info:    Font shape `OT1/ptm/bx/n' in size <11> not available
(Font)              Font shape `OT1/ptm/b/n' tried instead on input line 1090.
LaTeX Font Info:    Font shape `OT1/ptm/bx/it' in size <11> not available
(Font)              Font shape `OT1/ptm/b/it' tried instead on input line 1090.

LaTeX Font Info:    Font shape `OT1/ptm/bx/n' in size <12> not available
(Font)              Font shape `OT1/ptm/b/n' tried instead on input line 1090.
LaTeX Font Info:    Font shape `OT1/ptm/bx/it' in size <12> not available
(Font)              Font shape `OT1/ptm/b/it' tried instead on input line 1090.

LaTeX Font Info:    Font shape `OT1/ptm/bx/n' in size <17> not available
(Font)              Font shape `OT1/ptm/b/n' tried instead on input line 1090.
LaTeX Font Info:    Font shape `OT1/ptm/bx/it' in size <17> not available
(Font)              Font shape `OT1/ptm/b/it' tried instead on input line 1090.

LaTeX Font Info:    Font shape `OT1/ptm/bx/n' in size <20> not available
(Font)              Font shape `OT1/ptm/b/n' tried instead on input line 1090.
LaTeX Font Info:    Font shape `OT1/ptm/bx/it' in size <20> not available
(Font)              Font shape `OT1/ptm/b/it' tried instead on input line 1090.

LaTeX Font Info:    Font shape `OT1/ptm/bx/n' in size <24> not available
(Font)              Font shape `OT1/ptm/b/n' tried instead on input line 1090.
LaTeX Font Info:    Font shape `OT1/ptm/bx/it' in size <24> not available
(Font)              Font shape `OT1/ptm/b/it' tried instead on input line 1090.

\IEEEquantizedlength=\dimen109
\IEEEquantizedlengthdiff=\dimen110
\IEEEquantizedtextheightdiff=\dimen111
\IEEEilabelindentA=\dimen112
\IEEEilabelindentB=\dimen113
\IEEEilabelindent=\dimen114
\IEEEelabelindent=\dimen115
\IEEEdlabelindent=\dimen116
\IEEElabelindent=\dimen117
\IEEEiednormlabelsep=\dimen118
\IEEEiedmathlabelsep=\dimen119
\IEEEiedtopsep=\skip41
\c@section=\count82
\c@subsection=\count83
\c@subsubsection=\count84
\c@paragraph=\count85
\c@IEEEsubequation=\count86
\abovecaptionskip=\skip42
\belowcaptionskip=\skip43
\c@figure=\count87
\c@table=\count88
\@IEEEeqnnumcols=\count89
\@IEEEeqncolcnt=\count90
\@IEEEsubeqnnumrollback=\count91
\@IEEEquantizeheightA=\dimen120
\@IEEEquantizeheightB=\dimen121
\@IEEEquantizeheightC=\dimen122
\@IEEEquantizeprevdepth=\dimen123
\@IEEEquantizemultiple=\count92
\@IEEEquantizeboxA=\box26
\@IEEEtmpitemindent=\dimen124
\IEEEPARstartletwidth=\dimen125
\c@IEEEbiography=\count93
\@IEEEtranrubishbin=\box27
)
** ATTENTION: Overriding command lockouts (line 2).
(d:/tex/texmf-dist/tex/latex/cite/cite.sty
LaTeX Info: Redefining \cite on input line 302.
LaTeX Info: Redefining \nocite on input line 332.
Package: cite 2015/02/27  v 5.5
)
(d:/tex/texmf-dist/tex/latex/amsmath/amsmath.sty
Package: amsmath 2017/09/02 v2.17a AMS math features
\@mathmargin=\skip44

For additional information on amsmath, use the `?' option.
(d:/tex/texmf-dist/tex/latex/amsmath/amstext.sty
Package: amstext 2000/06/29 v2.01 AMS text

(d:/tex/texmf-dist/tex/latex/amsmath/amsgen.sty
File: amsgen.sty 1999/11/30 v2.0 generic functions
\@emptytoks=\toks15
\ex@=\dimen126
))
(d:/tex/texmf-dist/tex/latex/amsmath/amsbsy.sty
Package: amsbsy 1999/11/29 v1.2d Bold Symbols
\pmbraise@=\dimen127
)
(d:/tex/texmf-dist/tex/latex/amsmath/amsopn.sty
Package: amsopn 2016/03/08 v2.02 operator names
)
\inf@bad=\count94
LaTeX Info: Redefining \frac on input line 213.
\uproot@=\count95
\leftroot@=\count96
LaTeX Info: Redefining \overline on input line 375.
\classnum@=\count97
\DOTSCASE@=\count98
LaTeX Info: Redefining \ldots on input line 472.
LaTeX Info: Redefining \dots on input line 475.
LaTeX Info: Redefining \cdots on input line 596.
\Mathstrutbox@=\box28
\strutbox@=\box29
\big@size=\dimen128
LaTeX Font Info:    Redeclaring font encoding OML on input line 712.
LaTeX Font Info:    Redeclaring font encoding OMS on input line 713.
\macc@depth=\count99
\c@MaxMatrixCols=\count100
\dotsspace@=\muskip10
\c@parentequation=\count101
\dspbrk@lvl=\count102
\tag@help=\toks16
\row@=\count103
\column@=\count104
\maxfields@=\count105
\andhelp@=\toks17
\eqnshift@=\dimen129
\alignsep@=\dimen130
\tagshift@=\dimen131
\tagwidth@=\dimen132
\totwidth@=\dimen133
\lineht@=\dimen134
\@envbody=\toks18
\multlinegap=\skip45
\multlinetaggap=\skip46
\mathdisplay@stack=\toks19
LaTeX Info: Redefining \[ on input line 2817.
LaTeX Info: Redefining \] on input line 2818.
)
(d:/tex/texmf-dist/tex/latex/amsfonts/amssymb.sty
Package: amssymb 2013/01/14 v3.01 AMS font symbols

(d:/tex/texmf-dist/tex/latex/amsfonts/amsfonts.sty
Package: amsfonts 2013/01/14 v3.01 Basic AMSFonts support
\symAMSa=\mathgroup4
\symAMSb=\mathgroup5
LaTeX Font Info:    Overwriting math alphabet `\mathfrak' in version `bold'
(Font)                  U/euf/m/n --> U/euf/b/n on input line 106.
))
(d:/tex/texmf-dist/tex/latex/algorithmicx/algpseudocode.sty
Package: algpseudocode 

(d:/tex/texmf-dist/tex/latex/base/ifthen.sty
Package: ifthen 2014/09/29 v1.1c Standard LaTeX ifthen package (DPC)
)
(d:/tex/texmf-dist/tex/latex/algorithmicx/algorithmicx.sty
Package: algorithmicx 2005/04/27 v1.2 Algorithmicx

Document Style algorithmicx 1.2 - a greatly improved `algorithmic' style
\c@ALG@line=\count106
\c@ALG@rem=\count107
\c@ALG@nested=\count108
\ALG@tlm=\skip47
\ALG@thistlm=\skip48
\c@ALG@Lnr=\count109
\c@ALG@blocknr=\count110
\c@ALG@storecount=\count111
\c@ALG@tmpcounter=\count112
\ALG@tmplength=\skip49
)
Document Style - pseudocode environments for use with the `algorithmicx' style
) (d:/tex/texmf-dist/tex/latex/graphics/graphicx.sty
Package: graphicx 2017/06/01 v1.1a Enhanced LaTeX Graphics (DPC,SPQR)

(d:/tex/texmf-dist/tex/latex/graphics/keyval.sty
Package: keyval 2014/10/28 v1.15 key=value parser (DPC)
\KV@toks@=\toks20
)
(d:/tex/texmf-dist/tex/latex/graphics/graphics.sty
Package: graphics 2017/06/25 v1.2c Standard LaTeX Graphics (DPC,SPQR)

(d:/tex/texmf-dist/tex/latex/graphics/trig.sty
Package: trig 2016/01/03 v1.10 sin cos tan (DPC)
)
(d:/tex/texmf-dist/tex/latex/graphics-cfg/graphics.cfg
File: graphics.cfg 2016/06/04 v1.11 sample graphics configuration
)
Package graphics Info: Driver file: pdftex.def on input line 99.

(d:/tex/texmf-dist/tex/latex/graphics-def/pdftex.def
File: pdftex.def 2018/01/08 v1.0l Graphics/color driver for pdftex
))
\Gin@req@height=\dimen135
\Gin@req@width=\dimen136
)
(d:/tex/texmf-dist/tex/latex/base/textcomp.sty
Package: textcomp 2017/04/05 v2.0i Standard LaTeX package
Package textcomp Info: Sub-encoding information:
(textcomp)               5 = only ISO-Adobe without \textcurrency
(textcomp)               4 = 5 + \texteuro
(textcomp)               3 = 4 + \textohm
(textcomp)               2 = 3 + \textestimated + \textcurrency
(textcomp)               1 = TS1 - \textcircled - \t
(textcomp)               0 = TS1 (full)
(textcomp)             Font families with sub-encoding setting implement
(textcomp)             only a restricted character set as indicated.
(textcomp)             Family '?' is the default used for unknown fonts.
(textcomp)             See the documentation for details.
Package textcomp Info: Setting ? sub-encoding to TS1/1 on input line 79.

(d:/tex/texmf-dist/tex/latex/base/ts1enc.def
File: ts1enc.def 2001/06/05 v3.0e (jk/car/fm) Standard LaTeX file
)
LaTeX Info: Redefining \oldstylenums on input line 334.
Package textcomp Info: Setting cmr sub-encoding to TS1/0 on input line 349.
Package textcomp Info: Setting cmss sub-encoding to TS1/0 on input line 350.
Package textcomp Info: Setting cmtt sub-encoding to TS1/0 on input line 351.
Package textcomp Info: Setting cmvtt sub-encoding to TS1/0 on input line 352.
Package textcomp Info: Setting cmbr sub-encoding to TS1/0 on input line 353.
Package textcomp Info: Setting cmtl sub-encoding to TS1/0 on input line 354.
Package textcomp Info: Setting ccr sub-encoding to TS1/0 on input line 355.
Package textcomp Info: Setting ptm sub-encoding to TS1/4 on input line 356.
Package textcomp Info: Setting pcr sub-encoding to TS1/4 on input line 357.
Package textcomp Info: Setting phv sub-encoding to TS1/4 on input line 358.
Package textcomp Info: Setting ppl sub-encoding to TS1/3 on input line 359.
Package textcomp Info: Setting pag sub-encoding to TS1/4 on input line 360.
Package textcomp Info: Setting pbk sub-encoding to TS1/4 on input line 361.
Package textcomp Info: Setting pnc sub-encoding to TS1/4 on input line 362.
Package textcomp Info: Setting pzc sub-encoding to TS1/4 on input line 363.
Package textcomp Info: Setting bch sub-encoding to TS1/4 on input line 364.
Package textcomp Info: Setting put sub-encoding to TS1/5 on input line 365.
Package textcomp Info: Setting uag sub-encoding to TS1/5 on input line 366.
Package textcomp Info: Setting ugq sub-encoding to TS1/5 on input line 367.
Package textcomp Info: Setting ul8 sub-encoding to TS1/4 on input line 368.
Package textcomp Info: Setting ul9 sub-encoding to TS1/4 on input line 369.
Package textcomp Info: Setting augie sub-encoding to TS1/5 on input line 370.
Package textcomp Info: Setting dayrom sub-encoding to TS1/3 on input line 371.
Package textcomp Info: Setting dayroms sub-encoding to TS1/3 on input line 372.

Package textcomp Info: Setting pxr sub-encoding to TS1/0 on input line 373.
Package textcomp Info: Setting pxss sub-encoding to TS1/0 on input line 374.
Package textcomp Info: Setting pxtt sub-encoding to TS1/0 on input line 375.
Package textcomp Info: Setting txr sub-encoding to TS1/0 on input line 376.
Package textcomp Info: Setting txss sub-encoding to TS1/0 on input line 377.
Package textcomp Info: Setting txtt sub-encoding to TS1/0 on input line 378.
Package textcomp Info: Setting lmr sub-encoding to TS1/0 on input line 379.
Package textcomp Info: Setting lmdh sub-encoding to TS1/0 on input line 380.
Package textcomp Info: Setting lmss sub-encoding to TS1/0 on input line 381.
Package textcomp Info: Setting lmssq sub-encoding to TS1/0 on input line 382.
Package textcomp Info: Setting lmvtt sub-encoding to TS1/0 on input line 383.
Package textcomp Info: Setting lmtt sub-encoding to TS1/0 on input line 384.
Package textcomp Info: Setting qhv sub-encoding to TS1/0 on input line 385.
Package textcomp Info: Setting qag sub-encoding to TS1/0 on input line 386.
Package textcomp Info: Setting qbk sub-encoding to TS1/0 on input line 387.
Package textcomp Info: Setting qcr sub-encoding to TS1/0 on input line 388.
Package textcomp Info: Setting qcs sub-encoding to TS1/0 on input line 389.
Package textcomp Info: Setting qpl sub-encoding to TS1/0 on input line 390.
Package textcomp Info: Setting qtm sub-encoding to TS1/0 on input line 391.
Package textcomp Info: Setting qzc sub-encoding to TS1/0 on input line 392.
Package textcomp Info: Setting qhvc sub-encoding to TS1/0 on input line 393.
Package textcomp Info: Setting futs sub-encoding to TS1/4 on input line 394.
Package textcomp Info: Setting futx sub-encoding to TS1/4 on input line 395.
Package textcomp Info: Setting futj sub-encoding to TS1/4 on input line 396.
Package textcomp Info: Setting hlh sub-encoding to TS1/3 on input line 397.
Package textcomp Info: Setting hls sub-encoding to TS1/3 on input line 398.
Package textcomp Info: Setting hlst sub-encoding to TS1/3 on input line 399.
Package textcomp Info: Setting hlct sub-encoding to TS1/5 on input line 400.
Package textcomp Info: Setting hlx sub-encoding to TS1/5 on input line 401.
Package textcomp Info: Setting hlce sub-encoding to TS1/5 on input line 402.
Package textcomp Info: Setting hlcn sub-encoding to TS1/5 on input line 403.
Package textcomp Info: Setting hlcw sub-encoding to TS1/5 on input line 404.
Package textcomp Info: Setting hlcf sub-encoding to TS1/5 on input line 405.
Package textcomp Info: Setting pplx sub-encoding to TS1/3 on input line 406.
Package textcomp Info: Setting pplj sub-encoding to TS1/3 on input line 407.
Package textcomp Info: Setting ptmx sub-encoding to TS1/4 on input line 408.
Package textcomp Info: Setting ptmj sub-encoding to TS1/4 on input line 409.
)
(d:/tex/texmf-dist/tex/latex/xcolor/xcolor.sty
Package: xcolor 2016/05/11 v2.12 LaTeX color extensions (UK)

(d:/tex/texmf-dist/tex/latex/graphics-cfg/color.cfg
File: color.cfg 2016/01/02 v1.6 sample color configuration
)
Package xcolor Info: Driver file: pdftex.def on input line 225.
Package xcolor Info: Model `cmy' substituted by `cmy0' on input line 1348.
Package xcolor Info: Model `hsb' substituted by `rgb' on input line 1352.
Package xcolor Info: Model `RGB' extended on input line 1364.
Package xcolor Info: Model `HTML' substituted by `rgb' on input line 1366.
Package xcolor Info: Model `Hsb' substituted by `hsb' on input line 1367.
Package xcolor Info: Model `tHsb' substituted by `hsb' on input line 1368.
Package xcolor Info: Model `HSB' substituted by `hsb' on input line 1369.
Package xcolor Info: Model `Gray' substituted by `gray' on input line 1370.
Package xcolor Info: Model `wave' substituted by `hsb' on input line 1371.
)
(d:/tex/texmf-dist/tex/latex/amscls/amsthm.sty
Package: amsthm 2017/10/31 v2.20.4
\thm@style=\toks21
\thm@bodyfont=\toks22
\thm@headfont=\toks23
\thm@notefont=\toks24
\thm@headpunct=\toks25
\thm@preskip=\skip50
\thm@postskip=\skip51
\thm@headsep=\skip52
\dth@everypar=\toks26
)
(d:/tex/texmf-dist/tex/latex/algorithms/algorithm.sty
Package: algorithm 2009/08/24 v0.1 Document Style `algorithm' - floating enviro
nment

(d:/tex/texmf-dist/tex/latex/float/float.sty
Package: float 2001/11/08 v1.3d Float enhancements (AL)
\c@float@type=\count113
\float@exts=\toks27
\float@box=\box30
\@float@everytoks=\toks28
\@floatcapt=\box31
)
\@float@every@algorithm=\toks29
\c@algorithm=\count114
)
(d:/tex/texmf-dist/tex/latex/oberdiek/epstopdf.sty
Package: epstopdf 2016/05/15 v2.6 Conversion with epstopdf on the fly (HO)

(d:/tex/texmf-dist/tex/latex/oberdiek/epstopdf-base.sty
Package: epstopdf-base 2016/05/15 v2.6 Base part for package epstopdf

(d:/tex/texmf-dist/tex/generic/oberdiek/infwarerr.sty
Package: infwarerr 2016/05/16 v1.4 Providing info/warning/error messages (HO)
)
(d:/tex/texmf-dist/tex/latex/oberdiek/grfext.sty
Package: grfext 2016/05/16 v1.2 Manage graphics extensions (HO)

(d:/tex/texmf-dist/tex/generic/oberdiek/kvdefinekeys.sty
Package: kvdefinekeys 2016/05/16 v1.4 Define keys (HO)

(d:/tex/texmf-dist/tex/generic/oberdiek/ltxcmds.sty
Package: ltxcmds 2016/05/16 v1.23 LaTeX kernel commands for general use (HO)
)))
(d:/tex/texmf-dist/tex/latex/oberdiek/kvoptions.sty
Package: kvoptions 2016/05/16 v3.12 Key value format for package options (HO)

(d:/tex/texmf-dist/tex/generic/oberdiek/kvsetkeys.sty
Package: kvsetkeys 2016/05/16 v1.17 Key value parser (HO)

(d:/tex/texmf-dist/tex/generic/oberdiek/etexcmds.sty
Package: etexcmds 2016/05/16 v1.6 Avoid name clashes with e-TeX commands (HO)

(d:/tex/texmf-dist/tex/generic/oberdiek/ifluatex.sty
Package: ifluatex 2016/05/16 v1.4 Provides the ifluatex switch (HO)
Package ifluatex Info: LuaTeX not detected.
)
Package etexcmds Info: Could not find \expanded.
(etexcmds)             That can mean that you are not using pdfTeX 1.50 or
(etexcmds)             that some package has redefined \expanded.
(etexcmds)             In the latter case, load this package earlier.
)))
(d:/tex/texmf-dist/tex/generic/oberdiek/pdftexcmds.sty
Package: pdftexcmds 2018/01/21 v0.26 Utility functions of pdfTeX for LuaTeX (HO
)

(d:/tex/texmf-dist/tex/generic/oberdiek/ifpdf.sty
Package: ifpdf 2017/03/15 v3.2 Provides the ifpdf switch
)
Package pdftexcmds Info: LuaTeX not detected.
Package pdftexcmds Info: \pdf@primitive is available.
Package pdftexcmds Info: \pdf@ifprimitive is available.
Package pdftexcmds Info: \pdfdraftmode found.
)
Package epstopdf-base Info: Redefining graphics rule for `.eps' on input line 4
38.
Package grfext Info: Graphics extension search list:
(grfext)             [.pdf,.png,.jpg,.mps,.jpeg,.jbig2,.jb2,.PDF,.PNG,.JPG,.JPE
G,.JBIG2,.JB2,.eps]
(grfext)             \AppendGraphicsExtensions on input line 456.

(d:/tex/texmf-dist/tex/latex/latexconfig/epstopdf-sys.cfg
File: epstopdf-sys.cfg 2010/07/13 v1.3 Configuration of (r)epstopdf for TeX Liv
e
)))
(d:/tex/texmf-dist/tex/latex/subfigure/subfigure.sty
Package: subfigure 2002/03/15 v2.1.5 subfigure package
\subfigtopskip=\skip53
\subfigcapskip=\skip54
\subfigcaptopadj=\dimen137
\subfigbottomskip=\skip55
\subfigcapmargin=\dimen138
\subfiglabelskip=\skip56
\c@subfigure=\count115
\c@lofdepth=\count116
\c@subtable=\count117
\c@lotdepth=\count118

****************************************
* Local config file subfigure.cfg used *
****************************************
(d:/tex/texmf-dist/tex/latex/subfigure/subfigure.cfg)
\subfig@top=\skip57
\subfig@bottom=\skip58
)
(d:/tex/texmf-dist/tex/latex/tools/verbatim.sty
Package: verbatim 2014/10/28 v1.5q LaTeX2e package for verbatim enhancements
\every@verbatim=\toks30
\verbatim@line=\toks31
\verbatim@in@stream=\read1
)
(d:/tex/texmf-dist/tex/latex/diagbox/diagbox.sty
Package: diagbox 2016/12/28 v2.2 Making table heads with diagonal lines

(d:/tex/texmf-dist/tex/latex/pict2e/pict2e.sty
Package: pict2e 2016/02/05 v0.3b Improved picture commands (HjG,RN,JT)

(d:/tex/texmf-dist/tex/latex/pict2e/pict2e.cfg
File: pict2e.cfg 2016/02/05 v0.1u pict2e configuration for teTeX/TeXLive
)
Package pict2e Info: Driver file: pdftex.def on input line 119.
Package pict2e Info: Driver file for pict2e: p2e-pdftex.def on input line 121.

(d:/tex/texmf-dist/tex/latex/pict2e/p2e-pdftex.def
File: p2e-pdftex.def 2016/02/05 v0.1u Driver-dependant file (RN,HjG,JT)
)
\pIIe@GRAPH=\toks32
\@arclen=\dimen139
\@arcrad=\dimen140
\@tempdimd=\dimen141
)
(d:/tex/texmf-dist/tex/latex/fp/fp.sty
Package: fp 1995/04/02

`Fixed Point Package', Version 0.8, April 2, 1995 (C) Michael Mehlich
(d:/tex/texmf-dist/tex/latex/fp/defpattern.sty
Package: defpattern 1994/10/12
\actioncount=\count119
)
(d:/tex/texmf-dist/tex/latex/fp/fp-basic.sty
Package: fp-basic 1996/05/13
\FP@xs=\count120
\FP@xia=\count121
\FP@xib=\count122
\FP@xfa=\count123
\FP@xfb=\count124
\FP@rega=\count125
\FP@regb=\count126
\FP@regs=\count127
\FP@times=\count128
)
(d:/tex/texmf-dist/tex/latex/fp/fp-addons.sty
Package: fp-addons 1995/03/15
)
(d:/tex/texmf-dist/tex/latex/fp/fp-snap.sty
Package: fp-snap 1995/04/05
)
(d:/tex/texmf-dist/tex/latex/fp/fp-exp.sty
Package: fp-exp 1995/04/03
)
(d:/tex/texmf-dist/tex/latex/fp/fp-trigo.sty
Package: fp-trigo 1995/04/14
)
(d:/tex/texmf-dist/tex/latex/fp/fp-pas.sty
Package: fp-pas 1994/08/29
)
(d:/tex/texmf-dist/tex/latex/fp/fp-random.sty
Package: fp-random 1995/02/23
\FPseed=\count129
)
(d:/tex/texmf-dist/tex/latex/fp/fp-eqn.sty
Package: fp-eqn 1995/04/03
)
(d:/tex/texmf-dist/tex/latex/fp/fp-upn.sty
Package: fp-upn 1996/10/21
)
(d:/tex/texmf-dist/tex/latex/fp/fp-eval.sty
Package: fp-eval 1995/04/03
))
(d:/tex/texmf-dist/tex/latex/tools/calc.sty
Package: calc 2014/10/28 v4.3 Infix arithmetic (KKT,FJ)
\calc@Acount=\count130
\calc@Bcount=\count131
\calc@Adimen=\dimen142
\calc@Bdimen=\dimen143
\calc@Askip=\skip59
\calc@Bskip=\skip60
LaTeX Info: Redefining \setlength on input line 80.
LaTeX Info: Redefining \addtolength on input line 81.
\calc@Ccount=\count132
\calc@Cskip=\skip61
)
(d:/tex/texmf-dist/tex/latex/tools/array.sty
Package: array 2016/10/06 v2.4d Tabular extension package (FMi)
\col@sep=\dimen144
\extrarowheight=\dimen145
\NC@list=\toks33
\extratabsurround=\skip62
\backup@length=\skip63
)
\diagbox@boxa=\box32
\diagbox@boxb=\box33
\diagbox@boxm=\box34
\diagbox@wd=\dimen146
\diagbox@ht=\dimen147
\diagbox@insepl=\dimen148
\diagbox@insepr=\dimen149
\diagbox@outsepl=\dimen150
\diagbox@outsepr=\dimen151
) (./conference_041818.aux)
\openout1 = `conference_041818.aux'.

LaTeX Font Info:    Checking defaults for OML/cmm/m/it on input line 24.
LaTeX Font Info:    ... okay on input line 24.
LaTeX Font Info:    Checking defaults for T1/cmr/m/n on input line 24.
LaTeX Font Info:    ... okay on input line 24.
LaTeX Font Info:    Checking defaults for OT1/cmr/m/n on input line 24.
LaTeX Font Info:    ... okay on input line 24.
LaTeX Font Info:    Checking defaults for OMS/cmsy/m/n on input line 24.
LaTeX Font Info:    ... okay on input line 24.
LaTeX Font Info:    Checking defaults for OMX/cmex/m/n on input line 24.
LaTeX Font Info:    ... okay on input line 24.
LaTeX Font Info:    Checking defaults for U/cmr/m/n on input line 24.
LaTeX Font Info:    ... okay on input line 24.
LaTeX Font Info:    Checking defaults for TS1/cmr/m/n on input line 24.
LaTeX Font Info:    Try loading font information for TS1+cmr on input line 24.

(d:/tex/texmf-dist/tex/latex/base/ts1cmr.fd
File: ts1cmr.fd 2014/09/29 v2.5h Standard LaTeX font definitions
)
LaTeX Font Info:    ... okay on input line 24.

-- Lines per column: 56 (exact).
(d:/tex/texmf-dist/tex/context/base/mkii/supp-pdf.mkii
[Loading MPS to PDF converter (version 2006.09.02).]
\scratchcounter=\count133
\scratchdimen=\dimen152
\scratchbox=\box35
\nofMPsegments=\count134
\nofMParguments=\count135
\everyMPshowfont=\toks34
\MPscratchCnt=\count136
\MPscratchDim=\dimen153
\MPnumerator=\count137
\makeMPintoPDFobject=\count138
\everyMPtoPDFconversion=\toks35
)
LaTeX Font Info:    Try loading font information for U+msa on input line 69.
 (d:/tex/texmf-dist/tex/latex/amsfonts/umsa.fd
File: umsa.fd 2013/01/14 v3.01 AMS symbols A
)
LaTeX Font Info:    Try loading font information for U+msb on input line 69.

(d:/tex/texmf-dist/tex/latex/amsfonts/umsb.fd
File: umsb.fd 2013/01/14 v3.01 AMS symbols B
)
LaTeX Font Info:    Calculating math sizes for size <11> on input line 69.
 [1{d:/tex/texmf-var/fonts/map/pdftex/updmap/pdftex.map}


] [2]
LaTeX Font Info:    Try loading font information for OMS+ptm on input line 146.

 (d:/tex/texmf-dist/tex/latex/psnfss/omsptm.fd
File: omsptm.fd 
)
LaTeX Font Info:    Font shape `OMS/ptm/m/n' in size <10> not available
(Font)              Font shape `OMS/cmsy/m/n' tried instead on input line 146.
Package epstopdf Info: Source file: <fig1.eps>
(epstopdf)                    date: 2019-08-01 11:44:52
(epstopdf)                    size: 2067262 bytes
(epstopdf)             Output file: <fig1-eps-converted-to.pdf>
(epstopdf)                    date: 2019-08-03 16:02:30
(epstopdf)                    size: 249672 bytes
(epstopdf)             Command: <repstopdf --outfile=fig1-eps-converted-to.pdf 
fig1.eps>
(epstopdf)             \includegraphics on input line 150.
Package epstopdf Info: Output file is already uptodate.
<fig1-eps-converted-to.pdf, id=18, 714.67pt x 284.06125pt>
File: fig1-eps-converted-to.pdf Graphic file (type pdf)
<use fig1-eps-converted-to.pdf>
Package pdftex.def Info: fig1-eps-converted-to.pdf  used on input line 150.
(pdftex.def)             Requested size: 254.55475pt x 101.17755pt.

Overfull \hbox (2.55475pt too wide) in paragraph at lines 150--151
 [][] 
 []

LaTeX Font Info:    Font shape `OMS/ptm/m/n' in size <8> not available
(Font)              Font shape `OMS/cmsy/m/n' tried instead on input line 151.

Overfull \hbox (3.87944pt too wide) in paragraph at lines 164--201
 [][] 
 []


Underfull \vbox (badness 3019) has occurred while \output is active []

 [3 <./fig1-eps-converted-to.pdf>] [4]
Package epstopdf Info: Source file: <fig2.eps>
(epstopdf)                    date: 2019-08-03 22:01:06
(epstopdf)                    size: 1570072 bytes
(epstopdf)             Output file: <fig2-eps-converted-to.pdf>
(epstopdf)                    date: 2019-07-31 16:18:28
(epstopdf)                    size: 248217 bytes
(epstopdf)             Command: <repstopdf --outfile=fig2-eps-converted-to.pdf 
fig2.eps>
(epstopdf)             \includegraphics on input line 360.
runsystem(repstopdf --outfile=fig2-eps-converted-to.pdf fig2.eps)...executed sa
fely (allowed).

Package epstopdf Info: Result file: <fig2-eps-converted-to.pdf>
(epstopdf)                    date: 2019-08-23 14:11:27
(epstopdf)                    size: 185650 bytes.
<fig2-eps-converted-to.pdf, id=322, 708.6475pt x 160.6pt>
File: fig2-eps-converted-to.pdf Graphic file (type pdf)
<use fig2-eps-converted-to.pdf>
Package pdftex.def Info: fig2-eps-converted-to.pdf  used on input line 360.
(pdftex.def)             Requested size: 255.1129pt x 57.81621pt.

Overfull \hbox (3.1129pt too wide) in paragraph at lines 360--361
 [][] 
 []

[5 <./fig2-eps-converted-to.pdf>]
Package epstopdf Info: Source file: <fig_instance1_1.eps>
(epstopdf)                    date: 2019-08-11 14:55:18
(epstopdf)                    size: 240569 bytes
(epstopdf)             Output file: <fig_instance1_1-eps-converted-to.pdf>
(epstopdf)             Command: <repstopdf --outfile=fig_instance1_1-eps-conver
ted-to.pdf fig_instance1_1.eps>
(epstopdf)             \includegraphics on input line 411.
runsystem(repstopdf --outfile=fig_instance1_1-eps-converted-to.pdf fig_instance
1_1.eps)...executed safely (allowed).

Package epstopdf Info: Result file: <fig_instance1_1-eps-converted-to.pdf>
(epstopdf)                    date: 2019-08-23 14:11:29
(epstopdf)                    size: 20718 bytes.
<fig_instance1_1-eps-converted-to.pdf, id=584, 423.5825pt x 319.1925pt>
File: fig_instance1_1-eps-converted-to.pdf Graphic file (type pdf)
<use fig_instance1_1-eps-converted-to.pdf>
Package pdftex.def Info: fig_instance1_1-eps-converted-to.pdf  used on input li
ne 411.
(pdftex.def)             Requested size: 153.44615pt x 115.63243pt.
Package epstopdf Info: Source file: <fig_instance2_2.eps>
(epstopdf)                    date: 2019-08-11 19:36:22
(epstopdf)                    size: 240499 bytes
(epstopdf)             Output file: <fig_instance2_2-eps-converted-to.pdf>
(epstopdf)             Command: <repstopdf --outfile=fig_instance2_2-eps-conver
ted-to.pdf fig_instance2_2.eps>
(epstopdf)             \includegraphics on input line 412.
runsystem(repstopdf --outfile=fig_instance2_2-eps-converted-to.pdf fig_instance
2_2.eps)...executed safely (allowed).

Package epstopdf Info: Result file: <fig_instance2_2-eps-converted-to.pdf>
(epstopdf)                    date: 2019-08-23 14:11:32
(epstopdf)                    size: 20644 bytes.
<fig_instance2_2-eps-converted-to.pdf, id=585, 433.62pt x 325.215pt>
File: fig_instance2_2-eps-converted-to.pdf Graphic file (type pdf)
<use fig_instance2_2-eps-converted-to.pdf>
Package pdftex.def Info: fig_instance2_2-eps-converted-to.pdf  used on input li
ne 412.
(pdftex.def)             Requested size: 154.17767pt x 115.63243pt.
Package epstopdf Info: Source file: <fig_instance3_1.eps>
(epstopdf)                    date: 2019-08-11 14:46:48
(epstopdf)                    size: 241574 bytes
(epstopdf)             Output file: <fig_instance3_1-eps-converted-to.pdf>
(epstopdf)             Command: <repstopdf --outfile=fig_instance3_1-eps-conver
ted-to.pdf fig_instance3_1.eps>
(epstopdf)             \includegraphics on input line 414.
runsystem(repstopdf --outfile=fig_instance3_1-eps-converted-to.pdf fig_instance
3_1.eps)...executed safely (allowed).

Package epstopdf Info: Result file: <fig_instance3_1-eps-converted-to.pdf>
(epstopdf)                    date: 2019-08-23 14:11:34
(epstopdf)                    size: 20844 bytes.
<fig_instance3_1-eps-converted-to.pdf, id=586, 433.62pt x 319.1925pt>
File: fig_instance3_1-eps-converted-to.pdf Graphic file (type pdf)
<use fig_instance3_1-eps-converted-to.pdf>
Package pdftex.def Info: fig_instance3_1-eps-converted-to.pdf  used on input li
ne 414.
(pdftex.def)             Requested size: 157.08232pt x 115.63243pt.

Overfull \hbox (8.72449pt too wide) detected at line 468
[]
 []

[6]
Overfull \hbox (1.38423pt too wide) detected at line 526
[]
 []

Package epstopdf Info: Source file: <figcomplete1_3.eps>
(epstopdf)                    date: 2019-08-11 20:26:32
(epstopdf)                    size: 266285 bytes
(epstopdf)             Output file: <figcomplete1_3-eps-converted-to.pdf>
(epstopdf)             Command: <repstopdf --outfile=figcomplete1_3-eps-convert
ed-to.pdf figcomplete1_3.eps>
(epstopdf)             \includegraphics on input line 563.
runsystem(repstopdf --outfile=figcomplete1_3-eps-converted-to.pdf figcomplete1_
3.eps)...executed safely (allowed).

Package epstopdf Info: Result file: <figcomplete1_3-eps-converted-to.pdf>
(epstopdf)                    date: 2019-08-23 14:11:37
(epstopdf)                    size: 26795 bytes.
<figcomplete1_3-eps-converted-to.pdf, id=591, 455.7025pt x 339.2675pt>
File: figcomplete1_3-eps-converted-to.pdf Graphic file (type pdf)
<use figcomplete1_3-eps-converted-to.pdf>
Package pdftex.def Info: figcomplete1_3-eps-converted-to.pdf  used on input lin
e 563.
(pdftex.def)             Requested size: 155.31227pt x 115.63243pt.
Package epstopdf Info: Source file: <figcomplete2_3.eps>
(epstopdf)                    date: 2019-08-11 20:26:58
(epstopdf)                    size: 274647 bytes
(epstopdf)             Output file: <figcomplete2_3-eps-converted-to.pdf>
(epstopdf)             Command: <repstopdf --outfile=figcomplete2_3-eps-convert
ed-to.pdf figcomplete2_3.eps>
(epstopdf)             \includegraphics on input line 564.
runsystem(repstopdf --outfile=figcomplete2_3-eps-converted-to.pdf figcomplete2_
3.eps)...executed safely (allowed).

Package epstopdf Info: Result file: <figcomplete2_3-eps-converted-to.pdf>
(epstopdf)                    date: 2019-08-23 14:11:40
(epstopdf)                    size: 29695 bytes.
<figcomplete2_3-eps-converted-to.pdf, id=592, 449.68pt x 339.2675pt>
File: figcomplete2_3-eps-converted-to.pdf Graphic file (type pdf)
<use figcomplete2_3-eps-converted-to.pdf>
Package pdftex.def Info: figcomplete2_3-eps-converted-to.pdf  used on input lin
e 564.
(pdftex.def)             Requested size: 153.25969pt x 115.63243pt.

Underfull \hbox (badness 7064) in paragraph at lines 564--564
[]\OT1/ptm/m/n/8 (b) Re-sults un-der dif-fer-ent Het-ero-gene-ity
 []

Package epstopdf Info: Source file: <figcomplete3_3.eps>
(epstopdf)                    date: 2019-08-11 20:26:20
(epstopdf)                    size: 254608 bytes
(epstopdf)             Output file: <figcomplete3_3-eps-converted-to.pdf>
(epstopdf)             Command: <repstopdf --outfile=figcomplete3_3-eps-convert
ed-to.pdf figcomplete3_3.eps>
(epstopdf)             \includegraphics on input line 566.
runsystem(repstopdf --outfile=figcomplete3_3-eps-converted-to.pdf figcomplete3_
3.eps)...executed safely (allowed).

Package epstopdf Info: Result file: <figcomplete3_3-eps-converted-to.pdf>
(epstopdf)                    date: 2019-08-23 14:11:42
(epstopdf)                    size: 23434 bytes.
<figcomplete3_3-eps-converted-to.pdf, id=593, 455.7025pt x 339.2675pt>
File: figcomplete3_3-eps-converted-to.pdf Graphic file (type pdf)
<use figcomplete3_3-eps-converted-to.pdf>
Package pdftex.def Info: figcomplete3_3-eps-converted-to.pdf  used on input lin
e 566.
(pdftex.def)             Requested size: 155.31227pt x 115.63243pt.
[7 <./fig_instance1_1-eps-converted-to.pdf> <./fig_instance2_2-eps-converted-to
.pdf> <./fig_instance3_1-eps-converted-to.pdf>]
Underfull \vbox (badness 3260) has occurred while \output is active []

 [8 <./figcomplete1_3-eps-converted-to.pdf> <./figcomplete2_3-eps-converted-to.
pdf> <./figcomplete3_3-eps-converted-to.pdf>]
Missing character: There is no ƒ in font ptmr7t!
Missing character: There is no ç in font ptmr7t!

Overfull \hbox (24.54971pt too wide) in paragraph at lines 605--606
[]\OT1/ptm/m/n/8 2018. In-te-ger pro-gram-ming. https://en.wikipedia.org/wiki/I
nteger[]programming. 
 []


Underfull \hbox (badness 10000) in paragraph at lines 607--608
[]\OT1/ptm/m/n/8 2019. Mar-tin-gale (prob-a-bil-ity the-ory).
 []


Overfull \hbox (4.26947pt too wide) in paragraph at lines 615--616
[]\OT1/ptm/m/n/8 2012. Google Clus-ter Trace. https://code.google.com/p/googlec
lusterdata/. 
 []


** Conference Paper **
Before submitting the final camera ready copy, remember to:

 1. Manually equalize the lengths of two columns on the last page
 of your paper;

 2. Ensure that any PostScript and/or PDF output post-processing
 uses only Type 1 fonts and that every step in the generation
 process uses the appropriate paper size.

[9

] (./conference_041818.aux) ) 
Here is how much of TeX's memory you used:
 6234 strings out of 492982
 86830 string characters out of 6140411
 184124 words of memory out of 5000000
 9636 multiletter control sequences out of 15000+600000
 51975 words of font info for 111 fonts, out of 8000000 for 9000
 1141 hyphenation exceptions out of 8191
 42i,16n,35p,2014b,332s stack positions out of 5000i,500n,10000p,200000b,80000s
{d:/tex/texmf-dist/fonts/enc/dvips/base/8r.enc}<d:
/tex/texmf-dist/fonts/type1/public/amsfonts/cm/cmex10.pfb><d:/tex/texmf-dist/fo
nts/type1/public/amsfonts/cm/cmmi10.pfb><d:/tex/texmf-dist/fonts/type1/public/a
msfonts/cm/cmmi5.pfb><d:/tex/texmf-dist/fonts/type1/public/amsfonts/cm/cmmi6.pf
b><d:/tex/texmf-dist/fonts/type1/public/amsfonts/cm/cmmi7.pfb><d:/tex/texmf-dis
t/fonts/type1/public/amsfonts/cm/cmmi8.pfb><d:/tex/texmf-dist/fonts/type1/publi
c/amsfonts/cm/cmmi9.pfb><d:/tex/texmf-dist/fonts/type1/public/amsfonts/cm/cmr10
.pfb><d:/tex/texmf-dist/fonts/type1/public/amsfonts/cm/cmr5.pfb><d:/tex/texmf-d
ist/fonts/type1/public/amsfonts/cm/cmr6.pfb><d:/tex/texmf-dist/fonts/type1/publ
ic/amsfonts/cm/cmr7.pfb><d:/tex/texmf-dist/fonts/type1/public/amsfonts/cm/cmr8.
pfb><d:/tex/texmf-dist/fonts/type1/public/amsfonts/cm/cmsy10.pfb><d:/tex/texmf-
dist/fonts/type1/public/amsfonts/cm/cmsy7.pfb><d:/tex/texmf-dist/fonts/type1/pu
blic/amsfonts/cm/cmsy8.pfb><d:/tex/texmf-dist/fonts/type1/public/amsfonts/symbo
ls/msbm10.pfb><d:/tex/texmf-dist/fonts/type1/public/amsfonts/symbols/msbm7.pfb>
<d:/tex/texmf-dist/fonts/type1/urw/times/utmb8a.pfb><d:/tex/texmf-dist/fonts/ty
pe1/urw/times/utmbi8a.pfb><d:/tex/texmf-dist/fonts/type1/urw/times/utmr8a.pfb><
d:/tex/texmf-dist/fonts/type1/urw/times/utmri8a.pfb>
Output written on conference_041818.pdf (9 pages, 757725 bytes).
PDF statistics:
 720 PDF objects out of 1000 (max. 8388607)
 583 compressed objects within 6 object streams
 0 named destinations out of 1000 (max. 500000)
 41 words of extra memory for PDF output out of 10000 (max. 10000000)

